2025-06-05 21:31:46,474 [Worker-1: Loading available Gradle versions] INFO  o.e.b.c.i.u.g.PublishedGradleVersions - Gradle version information cache is not available. Remote download required.
2025-06-05 21:33:11,839 [Worker-5: Importing Maven projects] INFO  o.e.m.c.i.l.LifecycleMappingFactory - Using org.eclipse.m2e.jdt.JarLifecycleMapping lifecycle mapping for MavenProject: org.sample:ShoppingSiteTesting:0.0.1-SNAPSHOT @ C:\Users\classic\OneDrive\Desktop\ShoppingSiteTesting\Shopping-Site-Testing\ShoppingSiteTesting\pom.xml.
2025-06-05 21:33:12,748 [Worker-5: Importing Maven projects] INFO  o.e.m.c.i.e.AbstractTransferListenerAdapter - Downloading https://repo.maven.apache.org/maven2/io/cucumber/messages/maven-metadata.xml
2025-06-05 21:33:12,807 [Worker-5: Importing Maven projects] INFO  o.e.m.c.i.e.AbstractTransferListenerAdapter - Downloaded https://repo.maven.apache.org/maven2/io/cucumber/messages/maven-metadata.xml
2025-06-05 21:33:14,121 [Worker-5: Importing Maven projects] INFO  o.e.m.c.i.e.AbstractTransferListenerAdapter - Downloading https://repo.maven.apache.org/maven2/io/cucumber/query/maven-metadata.xml
2025-06-05 21:33:14,152 [Worker-5: Importing Maven projects] INFO  o.e.m.c.i.e.AbstractTransferListenerAdapter - Downloaded https://repo.maven.apache.org/maven2/io/cucumber/query/maven-metadata.xml
2025-06-05 21:33:19,089 [Worker-5: Importing Maven projects] INFO  o.e.m.j.i.AbstractJavaProjectConfigurator - Adding source folder /ShoppingSiteTesting/src/main/java
2025-06-05 21:33:19,091 [Worker-5: Importing Maven projects] INFO  o.e.m.j.i.AbstractJavaProjectConfigurator - Adding resource folder /ShoppingSiteTesting/src/main/resources
2025-06-05 21:33:19,092 [Worker-5: Importing Maven projects] INFO  o.e.m.j.i.AbstractJavaProjectConfigurator - Adding source folder /ShoppingSiteTesting/src/test/java
2025-06-05 21:33:19,095 [Worker-5: Importing Maven projects] INFO  o.e.m.j.i.AbstractJavaProjectConfigurator - Adding resource folder /ShoppingSiteTesting/src/test/resources
2025-06-05 21:33:19,259 [Worker-5: Importing Maven projects] INFO  o.e.m.c.i.p.ProjectConfigurationManager - Imported and configured 1 project(s) in 10 sec
2025-06-05 21:33:19,719 [Worker-10: Updating Maven Project] INFO  o.e.m.c.i.p.ProjectConfigurationManager - Update started
2025-06-05 21:33:19,912 [Worker-10: Updating Maven Project] INFO  o.e.m.c.i.l.LifecycleMappingFactory - Using org.eclipse.m2e.jdt.JarLifecycleMapping lifecycle mapping for MavenProject: org.sample:ShoppingSiteTesting:0.0.1-SNAPSHOT @ C:\Users\classic\OneDrive\Desktop\ShoppingSiteTesting\Shopping-Site-Testing\ShoppingSiteTesting\pom.xml.
2025-06-05 21:33:20,622 [Worker-10: Updating Maven Project] INFO  o.e.m.j.i.AbstractJavaProjectConfigurator - Adding source folder /ShoppingSiteTesting/src/main/java
2025-06-05 21:33:20,623 [Worker-10: Updating Maven Project] INFO  o.e.m.j.i.AbstractJavaProjectConfigurator - Adding resource folder /ShoppingSiteTesting/src/main/resources
2025-06-05 21:33:20,624 [Worker-10: Updating Maven Project] INFO  o.e.m.j.i.AbstractJavaProjectConfigurator - Adding source folder /ShoppingSiteTesting/src/test/java
2025-06-05 21:33:20,624 [Worker-10: Updating Maven Project] INFO  o.e.m.j.i.AbstractJavaProjectConfigurator - Adding resource folder /ShoppingSiteTesting/src/test/resources
2025-06-05 21:33:21,275 [Worker-10: Updating Maven Project] INFO  o.e.m.c.i.p.ProjectConfigurationManager - Update completed for 1 poms: local refresh takes 0.00 sec, refresh facades takes 0.00 sec, update config takes 0.00 sec 
2025-06-05 21:33:21,836 [Worker-10: Building] INFO  o.a.m.s.f.DefaultMavenResourcesFiltering - skip non existing resourceDirectory C:\Users\classic\OneDrive\Desktop\ShoppingSiteTesting\Shopping-Site-Testing\ShoppingSiteTesting\src\main\resources
2025-06-05 21:33:21,841 [Worker-10: Building] INFO  o.a.m.s.f.DefaultMavenResourcesFiltering - skip non existing resourceDirectory C:\Users\classic\OneDrive\Desktop\ShoppingSiteTesting\Shopping-Site-Testing\ShoppingSiteTesting\src\test\resources
2025-06-05 21:39:00,391 [Worker-3: Building] INFO  o.e.m.c.i.l.LifecycleMappingFactory - Using org.eclipse.m2e.jdt.JarLifecycleMapping lifecycle mapping for MavenProject: org.sample:ShoppingSiteTesting:0.0.1-SNAPSHOT @ C:\Users\classic\OneDrive\Desktop\ShoppingSiteTesting\Shopping-Site-Testing\ShoppingSiteTesting\pom.xml.
2025-06-05 21:39:00,823 [Worker-3: Building] INFO  o.e.m.c.i.e.AbstractTransferListenerAdapter - Downloading https://repo.maven.apache.org/maven2/org/apache/poi/poi-ooxml/5.4.0/poi-ooxml-5.4.0.pom
2025-06-05 21:39:00,859 [Worker-3: Building] INFO  o.e.m.c.i.e.AbstractTransferListenerAdapter - Downloaded https://repo.maven.apache.org/maven2/org/apache/poi/poi-ooxml/5.4.0/poi-ooxml-5.4.0.pom
2025-06-05 21:39:00,886 [Worker-3: Building] INFO  o.e.m.c.i.e.AbstractTransferListenerAdapter - Downloading https://repo.maven.apache.org/maven2/org/apache/logging/log4j/log4j-bom/2.24.3/log4j-bom-2.24.3.pom
2025-06-05 21:39:00,915 [Worker-3: Building] INFO  o.e.m.c.i.e.AbstractTransferListenerAdapter - Downloaded https://repo.maven.apache.org/maven2/org/apache/logging/log4j/log4j-bom/2.24.3/log4j-bom-2.24.3.pom
2025-06-05 21:39:00,946 [Worker-3: Building] INFO  o.e.m.c.i.e.AbstractTransferListenerAdapter - Downloading https://repo.maven.apache.org/maven2/org/apache/logging/logging-parent/11.3.0/logging-parent-11.3.0.pom
2025-06-05 21:39:01,012 [Worker-3: Building] INFO  o.e.m.c.i.e.AbstractTransferListenerAdapter - Downloaded https://repo.maven.apache.org/maven2/org/apache/logging/logging-parent/11.3.0/logging-parent-11.3.0.pom
2025-06-05 21:39:01,060 [Worker-3: Building] INFO  o.e.m.c.i.e.AbstractTransferListenerAdapter - Downloading https://repo.maven.apache.org/maven2/org/apache/poi/poi/5.4.0/poi-5.4.0.pom
2025-06-05 21:39:01,086 [Worker-3: Building] INFO  o.e.m.c.i.e.AbstractTransferListenerAdapter - Downloaded https://repo.maven.apache.org/maven2/org/apache/poi/poi/5.4.0/poi-5.4.0.pom
2025-06-05 21:39:01,110 [Worker-3: Building] INFO  o.e.m.c.i.e.AbstractTransferListenerAdapter - Downloading https://repo.maven.apache.org/maven2/commons-codec/commons-codec/1.17.1/commons-codec-1.17.1.pom
2025-06-05 21:39:01,136 [Worker-3: Building] INFO  o.e.m.c.i.e.AbstractTransferListenerAdapter - Downloaded https://repo.maven.apache.org/maven2/commons-codec/commons-codec/1.17.1/commons-codec-1.17.1.pom
2025-06-05 21:39:01,175 [Worker-3: Building] INFO  o.e.m.c.i.e.AbstractTransferListenerAdapter - Downloading https://repo.maven.apache.org/maven2/org/apache/commons/commons-parent/71/commons-parent-71.pom
2025-06-05 21:39:01,205 [Worker-3: Building] INFO  o.e.m.c.i.e.AbstractTransferListenerAdapter - Downloaded https://repo.maven.apache.org/maven2/org/apache/commons/commons-parent/71/commons-parent-71.pom
2025-06-05 21:39:01,247 [Worker-3: Building] INFO  o.e.m.c.i.e.AbstractTransferListenerAdapter - Downloading https://repo.maven.apache.org/maven2/org/junit/junit-bom/5.11.0-M2/junit-bom-5.11.0-M2.pom
2025-06-05 21:39:01,266 [Worker-3: Building] INFO  o.e.m.c.i.e.AbstractTransferListenerAdapter - Downloaded https://repo.maven.apache.org/maven2/org/junit/junit-bom/5.11.0-M2/junit-bom-5.11.0-M2.pom
2025-06-05 21:39:01,289 [Worker-3: Building] INFO  o.e.m.c.i.e.AbstractTransferListenerAdapter - Downloading https://repo.maven.apache.org/maven2/org/apache/commons/commons-collections4/4.4/commons-collections4-4.4.pom
2025-06-05 21:39:01,314 [Worker-3: Building] INFO  o.e.m.c.i.e.AbstractTransferListenerAdapter - Downloaded https://repo.maven.apache.org/maven2/org/apache/commons/commons-collections4/4.4/commons-collections4-4.4.pom
2025-06-05 21:39:01,344 [Worker-3: Building] INFO  o.e.m.c.i.e.AbstractTransferListenerAdapter - Downloading https://repo.maven.apache.org/maven2/org/apache/commons/commons-parent/48/commons-parent-48.pom
2025-06-05 21:39:01,381 [Worker-3: Building] INFO  o.e.m.c.i.e.AbstractTransferListenerAdapter - Downloaded https://repo.maven.apache.org/maven2/org/apache/commons/commons-parent/48/commons-parent-48.pom
2025-06-05 21:39:01,421 [Worker-3: Building] INFO  o.e.m.c.i.e.AbstractTransferListenerAdapter - Downloading https://repo.maven.apache.org/maven2/org/apache/commons/commons-math3/3.6.1/commons-math3-3.6.1.pom
2025-06-05 21:39:01,444 [Worker-3: Building] INFO  o.e.m.c.i.e.AbstractTransferListenerAdapter - Downloaded https://repo.maven.apache.org/maven2/org/apache/commons/commons-math3/3.6.1/commons-math3-3.6.1.pom
2025-06-05 21:39:01,482 [Worker-3: Building] INFO  o.e.m.c.i.e.AbstractTransferListenerAdapter - Downloading https://repo.maven.apache.org/maven2/commons-io/commons-io/2.18.0/commons-io-2.18.0.pom
2025-06-05 21:39:01,508 [Worker-3: Building] INFO  o.e.m.c.i.e.AbstractTransferListenerAdapter - Downloaded https://repo.maven.apache.org/maven2/commons-io/commons-io/2.18.0/commons-io-2.18.0.pom
2025-06-05 21:39:01,540 [Worker-3: Building] INFO  o.e.m.c.i.e.AbstractTransferListenerAdapter - Downloading https://repo.maven.apache.org/maven2/org/apache/commons/commons-parent/78/commons-parent-78.pom
2025-06-05 21:39:01,573 [Worker-3: Building] INFO  o.e.m.c.i.e.AbstractTransferListenerAdapter - Downloaded https://repo.maven.apache.org/maven2/org/apache/commons/commons-parent/78/commons-parent-78.pom
2025-06-05 21:39:01,607 [Worker-3: Building] INFO  o.e.m.c.i.e.AbstractTransferListenerAdapter - Downloading https://repo.maven.apache.org/maven2/org/junit/junit-bom/5.11.2/junit-bom-5.11.2.pom
2025-06-05 21:39:01,627 [Worker-3: Building] INFO  o.e.m.c.i.e.AbstractTransferListenerAdapter - Downloaded https://repo.maven.apache.org/maven2/org/junit/junit-bom/5.11.2/junit-bom-5.11.2.pom
2025-06-05 21:39:01,651 [Worker-3: Building] INFO  o.e.m.c.i.e.AbstractTransferListenerAdapter - Downloading https://repo.maven.apache.org/maven2/com/zaxxer/SparseBitSet/1.3/SparseBitSet-1.3.pom
2025-06-05 21:39:01,672 [Worker-3: Building] INFO  o.e.m.c.i.e.AbstractTransferListenerAdapter - Downloaded https://repo.maven.apache.org/maven2/com/zaxxer/SparseBitSet/1.3/SparseBitSet-1.3.pom
2025-06-05 21:39:01,697 [Worker-3: Building] INFO  o.e.m.c.i.e.AbstractTransferListenerAdapter - Downloading https://repo.maven.apache.org/maven2/org/apache/logging/log4j/log4j-api/2.24.3/log4j-api-2.24.3.pom
2025-06-05 21:39:01,721 [Worker-3: Building] INFO  o.e.m.c.i.e.AbstractTransferListenerAdapter - Downloaded https://repo.maven.apache.org/maven2/org/apache/logging/log4j/log4j-api/2.24.3/log4j-api-2.24.3.pom
2025-06-05 21:39:01,749 [Worker-3: Building] INFO  o.e.m.c.i.e.AbstractTransferListenerAdapter - Downloading https://repo.maven.apache.org/maven2/org/apache/logging/log4j/log4j/2.24.3/log4j-2.24.3.pom
2025-06-05 21:39:01,791 [Worker-3: Building] INFO  o.e.m.c.i.e.AbstractTransferListenerAdapter - Downloaded https://repo.maven.apache.org/maven2/org/apache/logging/log4j/log4j/2.24.3/log4j-2.24.3.pom
2025-06-05 21:39:01,866 [Worker-3: Building] INFO  o.e.m.c.i.e.AbstractTransferListenerAdapter - Downloading https://repo.maven.apache.org/maven2/org/apache/groovy/groovy-bom/4.0.22/groovy-bom-4.0.22.pom
2025-06-05 21:39:01,894 [Worker-3: Building] INFO  o.e.m.c.i.e.AbstractTransferListenerAdapter - Downloaded https://repo.maven.apache.org/maven2/org/apache/groovy/groovy-bom/4.0.22/groovy-bom-4.0.22.pom
2025-06-05 21:39:01,930 [Worker-3: Building] INFO  o.e.m.c.i.e.AbstractTransferListenerAdapter - Downloading https://repo.maven.apache.org/maven2/jakarta/platform/jakarta.jakartaee-bom/9.1.0/jakarta.jakartaee-bom-9.1.0.pom
2025-06-05 21:39:01,950 [Worker-3: Building] INFO  o.e.m.c.i.e.AbstractTransferListenerAdapter - Downloaded https://repo.maven.apache.org/maven2/jakarta/platform/jakarta.jakartaee-bom/9.1.0/jakarta.jakartaee-bom-9.1.0.pom
2025-06-05 21:39:01,980 [Worker-3: Building] INFO  o.e.m.c.i.e.AbstractTransferListenerAdapter - Downloading https://repo.maven.apache.org/maven2/jakarta/platform/jakartaee-api-parent/9.1.0/jakartaee-api-parent-9.1.0.pom
2025-06-05 21:39:02,003 [Worker-3: Building] INFO  o.e.m.c.i.e.AbstractTransferListenerAdapter - Downloaded https://repo.maven.apache.org/maven2/jakarta/platform/jakartaee-api-parent/9.1.0/jakartaee-api-parent-9.1.0.pom
2025-06-05 21:39:02,033 [Worker-3: Building] INFO  o.e.m.c.i.e.AbstractTransferListenerAdapter - Downloading https://repo.maven.apache.org/maven2/org/eclipse/ee4j/project/1.0.7/project-1.0.7.pom
2025-06-05 21:39:02,057 [Worker-3: Building] INFO  o.e.m.c.i.e.AbstractTransferListenerAdapter - Downloaded https://repo.maven.apache.org/maven2/org/eclipse/ee4j/project/1.0.7/project-1.0.7.pom
2025-06-05 21:39:02,093 [Worker-3: Building] INFO  o.e.m.c.i.e.AbstractTransferListenerAdapter - Downloading https://repo.maven.apache.org/maven2/org/mockito/mockito-bom/4.11.0/mockito-bom-4.11.0.pom
2025-06-05 21:39:02,114 [Worker-3: Building] INFO  o.e.m.c.i.e.AbstractTransferListenerAdapter - Downloaded https://repo.maven.apache.org/maven2/org/mockito/mockito-bom/4.11.0/mockito-bom-4.11.0.pom
2025-06-05 21:39:02,138 [Worker-3: Building] INFO  o.e.m.c.i.e.AbstractTransferListenerAdapter - Downloading https://repo.maven.apache.org/maven2/org/springframework/spring-framework-bom/5.3.39/spring-framework-bom-5.3.39.pom
2025-06-05 21:39:02,158 [Worker-3: Building] INFO  o.e.m.c.i.e.AbstractTransferListenerAdapter - Downloaded https://repo.maven.apache.org/maven2/org/springframework/spring-framework-bom/5.3.39/spring-framework-bom-5.3.39.pom
2025-06-05 21:39:02,183 [Worker-3: Building] INFO  o.e.m.c.i.e.AbstractTransferListenerAdapter - Downloading https://repo.maven.apache.org/maven2/org/apache/poi/poi-ooxml-lite/5.4.0/poi-ooxml-lite-5.4.0.pom
2025-06-05 21:39:02,207 [Worker-3: Building] INFO  o.e.m.c.i.e.AbstractTransferListenerAdapter - Downloaded https://repo.maven.apache.org/maven2/org/apache/poi/poi-ooxml-lite/5.4.0/poi-ooxml-lite-5.4.0.pom
2025-06-05 21:39:02,230 [Worker-3: Building] INFO  o.e.m.c.i.e.AbstractTransferListenerAdapter - Downloading https://repo.maven.apache.org/maven2/org/apache/xmlbeans/xmlbeans/5.3.0/xmlbeans-5.3.0.pom
2025-06-05 21:39:02,251 [Worker-3: Building] INFO  o.e.m.c.i.e.AbstractTransferListenerAdapter - Downloaded https://repo.maven.apache.org/maven2/org/apache/xmlbeans/xmlbeans/5.3.0/xmlbeans-5.3.0.pom
2025-06-05 21:39:02,273 [Worker-3: Building] INFO  o.e.m.c.i.e.AbstractTransferListenerAdapter - Downloading https://repo.maven.apache.org/maven2/org/apache/logging/log4j/log4j-bom/2.24.2/log4j-bom-2.24.2.pom
2025-06-05 21:39:02,294 [Worker-3: Building] INFO  o.e.m.c.i.e.AbstractTransferListenerAdapter - Downloaded https://repo.maven.apache.org/maven2/org/apache/logging/log4j/log4j-bom/2.24.2/log4j-bom-2.24.2.pom
2025-06-05 21:39:02,325 [Worker-3: Building] INFO  o.e.m.c.i.e.AbstractTransferListenerAdapter - Downloading https://repo.maven.apache.org/maven2/org/apache/logging/log4j/log4j-api/2.24.2/log4j-api-2.24.2.pom
2025-06-05 21:39:02,350 [Worker-3: Building] INFO  o.e.m.c.i.e.AbstractTransferListenerAdapter - Downloaded https://repo.maven.apache.org/maven2/org/apache/logging/log4j/log4j-api/2.24.2/log4j-api-2.24.2.pom
2025-06-05 21:39:02,374 [Worker-3: Building] INFO  o.e.m.c.i.e.AbstractTransferListenerAdapter - Downloading https://repo.maven.apache.org/maven2/org/apache/logging/log4j/log4j/2.24.2/log4j-2.24.2.pom
2025-06-05 21:39:02,414 [Worker-3: Building] INFO  o.e.m.c.i.e.AbstractTransferListenerAdapter - Downloaded https://repo.maven.apache.org/maven2/org/apache/logging/log4j/log4j/2.24.2/log4j-2.24.2.pom
2025-06-05 21:39:02,456 [Worker-3: Building] INFO  o.e.m.c.i.e.AbstractTransferListenerAdapter - Downloading https://repo.maven.apache.org/maven2/org/apache/commons/commons-compress/1.27.1/commons-compress-1.27.1.pom
2025-06-05 21:39:02,482 [Worker-3: Building] INFO  o.e.m.c.i.e.AbstractTransferListenerAdapter - Downloaded https://repo.maven.apache.org/maven2/org/apache/commons/commons-compress/1.27.1/commons-compress-1.27.1.pom
2025-06-05 21:39:02,515 [Worker-3: Building] INFO  o.e.m.c.i.e.AbstractTransferListenerAdapter - Downloading https://repo.maven.apache.org/maven2/org/apache/commons/commons-parent/72/commons-parent-72.pom
2025-06-05 21:39:02,547 [Worker-3: Building] INFO  o.e.m.c.i.e.AbstractTransferListenerAdapter - Downloaded https://repo.maven.apache.org/maven2/org/apache/commons/commons-parent/72/commons-parent-72.pom
2025-06-05 21:39:02,586 [Worker-3: Building] INFO  o.e.m.c.i.e.AbstractTransferListenerAdapter - Downloading https://repo.maven.apache.org/maven2/org/apache/commons/commons-lang3/3.16.0/commons-lang3-3.16.0.pom
2025-06-05 21:39:02,610 [Worker-3: Building] INFO  o.e.m.c.i.e.AbstractTransferListenerAdapter - Downloaded https://repo.maven.apache.org/maven2/org/apache/commons/commons-lang3/3.16.0/commons-lang3-3.16.0.pom
2025-06-05 21:39:02,642 [Worker-3: Building] INFO  o.e.m.c.i.e.AbstractTransferListenerAdapter - Downloading https://repo.maven.apache.org/maven2/com/github/virtuald/curvesapi/1.08/curvesapi-1.08.pom
2025-06-05 21:39:02,664 [Worker-3: Building] INFO  o.e.m.c.i.e.AbstractTransferListenerAdapter - Downloaded https://repo.maven.apache.org/maven2/com/github/virtuald/curvesapi/1.08/curvesapi-1.08.pom
2025-06-05 21:39:02,746 [Worker-3: Building] INFO  o.e.m.c.i.e.AbstractTransferListenerAdapter - Downloading https://repo.maven.apache.org/maven2/org/apache/poi/poi-ooxml/5.4.0/poi-ooxml-5.4.0.jar
2025-06-05 21:39:02,956 [Worker-3: Building] INFO  o.e.m.c.i.e.AbstractTransferListenerAdapter - Downloaded https://repo.maven.apache.org/maven2/org/apache/poi/poi-ooxml/5.4.0/poi-ooxml-5.4.0.jar
2025-06-05 21:39:02,977 [BasicRepositoryConnector-repo.maven.apache.org-0-0] INFO  o.e.m.c.i.e.AbstractTransferListenerAdapter - Downloading https://repo.maven.apache.org/maven2/org/apache/poi/poi-ooxml-lite/5.4.0/poi-ooxml-lite-5.4.0.jar
2025-06-05 21:39:03,021 [BasicRepositoryConnector-repo.maven.apache.org-0-1] INFO  o.e.m.c.i.e.AbstractTransferListenerAdapter - Downloading https://repo.maven.apache.org/maven2/org/apache/xmlbeans/xmlbeans/5.3.0/xmlbeans-5.3.0.jar
2025-06-05 21:39:03,022 [BasicRepositoryConnector-repo.maven.apache.org-0-3] INFO  o.e.m.c.i.e.AbstractTransferListenerAdapter - Downloading https://repo.maven.apache.org/maven2/org/apache/commons/commons-lang3/3.16.0/commons-lang3-3.16.0.jar
2025-06-05 21:39:03,025 [BasicRepositoryConnector-repo.maven.apache.org-0-2] INFO  o.e.m.c.i.e.AbstractTransferListenerAdapter - Downloading https://repo.maven.apache.org/maven2/org/apache/commons/commons-compress/1.27.1/commons-compress-1.27.1.jar
2025-06-05 21:39:03,032 [BasicRepositoryConnector-repo.maven.apache.org-0-4] INFO  o.e.m.c.i.e.AbstractTransferListenerAdapter - Downloading https://repo.maven.apache.org/maven2/commons-io/commons-io/2.18.0/commons-io-2.18.0.jar
2025-06-05 21:39:03,393 [BasicRepositoryConnector-repo.maven.apache.org-0-3] INFO  o.e.m.c.i.e.AbstractTransferListenerAdapter - Downloaded https://repo.maven.apache.org/maven2/org/apache/commons/commons-lang3/3.16.0/commons-lang3-3.16.0.jar
2025-06-05 21:39:03,414 [BasicRepositoryConnector-repo.maven.apache.org-0-3] INFO  o.e.m.c.i.e.AbstractTransferListenerAdapter - Downloading https://repo.maven.apache.org/maven2/com/github/virtuald/curvesapi/1.08/curvesapi-1.08.jar
2025-06-05 21:39:03,491 [BasicRepositoryConnector-repo.maven.apache.org-0-3] INFO  o.e.m.c.i.e.AbstractTransferListenerAdapter - Downloaded https://repo.maven.apache.org/maven2/com/github/virtuald/curvesapi/1.08/curvesapi-1.08.jar
2025-06-05 21:39:03,522 [BasicRepositoryConnector-repo.maven.apache.org-0-3] INFO  o.e.m.c.i.e.AbstractTransferListenerAdapter - Downloading https://repo.maven.apache.org/maven2/org/apache/logging/log4j/log4j-api/2.24.3/log4j-api-2.24.3.jar
2025-06-05 21:39:03,659 [BasicRepositoryConnector-repo.maven.apache.org-0-4] INFO  o.e.m.c.i.e.AbstractTransferListenerAdapter - Downloaded https://repo.maven.apache.org/maven2/commons-io/commons-io/2.18.0/commons-io-2.18.0.jar
2025-06-05 21:39:03,678 [BasicRepositoryConnector-repo.maven.apache.org-0-4] INFO  o.e.m.c.i.e.AbstractTransferListenerAdapter - Downloading https://repo.maven.apache.org/maven2/org/apache/commons/commons-collections4/4.4/commons-collections4-4.4.jar
2025-06-05 21:39:03,683 [BasicRepositoryConnector-repo.maven.apache.org-0-3] INFO  o.e.m.c.i.e.AbstractTransferListenerAdapter - Downloaded https://repo.maven.apache.org/maven2/org/apache/logging/log4j/log4j-api/2.24.3/log4j-api-2.24.3.jar
2025-06-05 21:39:03,706 [BasicRepositoryConnector-repo.maven.apache.org-0-3] INFO  o.e.m.c.i.e.AbstractTransferListenerAdapter - Downloading https://repo.maven.apache.org/maven2/org/apache/poi/poi/5.4.0/poi-5.4.0.jar
2025-06-05 21:39:04,040 [BasicRepositoryConnector-repo.maven.apache.org-0-4] INFO  o.e.m.c.i.e.AbstractTransferListenerAdapter - Downloaded https://repo.maven.apache.org/maven2/org/apache/commons/commons-collections4/4.4/commons-collections4-4.4.jar
2025-06-05 21:39:04,073 [BasicRepositoryConnector-repo.maven.apache.org-0-4] INFO  o.e.m.c.i.e.AbstractTransferListenerAdapter - Downloading https://repo.maven.apache.org/maven2/commons-codec/commons-codec/1.17.1/commons-codec-1.17.1.jar
2025-06-05 21:39:04,169 [BasicRepositoryConnector-repo.maven.apache.org-0-0] INFO  o.e.m.c.i.e.AbstractTransferListenerAdapter - Downloaded https://repo.maven.apache.org/maven2/org/apache/poi/poi-ooxml-lite/5.4.0/poi-ooxml-lite-5.4.0.jar
2025-06-05 21:39:04,188 [BasicRepositoryConnector-repo.maven.apache.org-0-0] INFO  o.e.m.c.i.e.AbstractTransferListenerAdapter - Downloading https://repo.maven.apache.org/maven2/org/apache/commons/commons-math3/3.6.1/commons-math3-3.6.1.jar
2025-06-05 21:39:04,298 [BasicRepositoryConnector-repo.maven.apache.org-0-4] INFO  o.e.m.c.i.e.AbstractTransferListenerAdapter - Downloaded https://repo.maven.apache.org/maven2/commons-codec/commons-codec/1.17.1/commons-codec-1.17.1.jar
2025-06-05 21:39:04,317 [BasicRepositoryConnector-repo.maven.apache.org-0-4] INFO  o.e.m.c.i.e.AbstractTransferListenerAdapter - Downloading https://repo.maven.apache.org/maven2/com/zaxxer/SparseBitSet/1.3/SparseBitSet-1.3.jar
2025-06-05 21:39:04,385 [BasicRepositoryConnector-repo.maven.apache.org-0-1] INFO  o.e.m.c.i.e.AbstractTransferListenerAdapter - Downloaded https://repo.maven.apache.org/maven2/org/apache/xmlbeans/xmlbeans/5.3.0/xmlbeans-5.3.0.jar
2025-06-05 21:39:04,556 [BasicRepositoryConnector-repo.maven.apache.org-0-4] INFO  o.e.m.c.i.e.AbstractTransferListenerAdapter - Downloaded https://repo.maven.apache.org/maven2/com/zaxxer/SparseBitSet/1.3/SparseBitSet-1.3.jar
2025-06-05 21:39:04,689 [BasicRepositoryConnector-repo.maven.apache.org-0-0] INFO  o.e.m.c.i.e.AbstractTransferListenerAdapter - Downloaded https://repo.maven.apache.org/maven2/org/apache/commons/commons-math3/3.6.1/commons-math3-3.6.1.jar
2025-06-05 21:39:05,025 [BasicRepositoryConnector-repo.maven.apache.org-0-2] INFO  o.e.m.c.i.e.AbstractTransferListenerAdapter - Downloaded https://repo.maven.apache.org/maven2/org/apache/commons/commons-compress/1.27.1/commons-compress-1.27.1.jar
2025-06-05 21:39:09,987 [BasicRepositoryConnector-repo.maven.apache.org-0-3] INFO  o.e.m.c.i.e.AbstractTransferListenerAdapter - Downloaded https://repo.maven.apache.org/maven2/org/apache/poi/poi/5.4.0/poi-5.4.0.jar
2025-06-05 21:39:10,358 [Worker-3: Building] INFO  o.a.m.s.f.DefaultMavenResourcesFiltering - skip non existing resourceDirectory C:\Users\classic\OneDrive\Desktop\ShoppingSiteTesting\Shopping-Site-Testing\ShoppingSiteTesting\src\main\resources
2025-06-05 21:39:10,364 [Worker-3: Building] INFO  o.a.m.s.f.DefaultMavenResourcesFiltering - skip non existing resourceDirectory C:\Users\classic\OneDrive\Desktop\ShoppingSiteTesting\Shopping-Site-Testing\ShoppingSiteTesting\src\test\resources
2025-06-05 21:39:11,334 [Worker-32: Download sources and javadoc] INFO  o.e.m.c.i.e.AbstractTransferListenerAdapter - Downloading https://repo.maven.apache.org/maven2/org/apache/poi/poi-ooxml/5.4.0/poi-ooxml-5.4.0-sources.jar
2025-06-05 21:39:11,556 [Worker-32: Download sources and javadoc] INFO  o.e.m.c.i.e.AbstractTransferListenerAdapter - Downloaded https://repo.maven.apache.org/maven2/org/apache/poi/poi-ooxml/5.4.0/poi-ooxml-5.4.0-sources.jar
2025-06-05 21:39:11,561 [Worker-32: Download sources and javadoc] INFO  o.e.m.j.internal.DownloadSourcesJob - Downloaded sources for org.apache.poi:poi-ooxml:5.4.0
2025-06-05 21:39:11,657 [Worker-32: Download sources and javadoc] INFO  o.e.m.c.i.e.AbstractTransferListenerAdapter - Downloading https://repo.maven.apache.org/maven2/org/apache/poi/poi-ooxml-lite/5.4.0/poi-ooxml-lite-5.4.0-sources.jar
2025-06-05 21:39:13,128 [Worker-32: Download sources and javadoc] INFO  o.e.m.c.i.e.AbstractTransferListenerAdapter - Downloaded https://repo.maven.apache.org/maven2/org/apache/poi/poi-ooxml-lite/5.4.0/poi-ooxml-lite-5.4.0-sources.jar
2025-06-05 21:39:13,131 [Worker-32: Download sources and javadoc] INFO  o.e.m.j.internal.DownloadSourcesJob - Downloaded sources for org.apache.poi:poi-ooxml-lite:5.4.0
2025-06-05 21:39:13,198 [Worker-32: Download sources and javadoc] INFO  o.e.m.c.i.e.AbstractTransferListenerAdapter - Downloading https://repo.maven.apache.org/maven2/org/apache/xmlbeans/xmlbeans/5.3.0/xmlbeans-5.3.0-sources.jar
2025-06-05 21:39:13,407 [Worker-32: Download sources and javadoc] INFO  o.e.m.c.i.e.AbstractTransferListenerAdapter - Downloaded https://repo.maven.apache.org/maven2/org/apache/xmlbeans/xmlbeans/5.3.0/xmlbeans-5.3.0-sources.jar
2025-06-05 21:39:13,410 [Worker-32: Download sources and javadoc] INFO  o.e.m.j.internal.DownloadSourcesJob - Downloaded sources for org.apache.xmlbeans:xmlbeans:5.3.0
2025-06-05 21:39:13,558 [Worker-32: Download sources and javadoc] INFO  o.e.m.c.i.e.AbstractTransferListenerAdapter - Downloading https://repo.maven.apache.org/maven2/org/apache/commons/commons-compress/1.27.1/commons-compress-1.27.1-sources.jar
2025-06-05 21:39:13,715 [Worker-32: Download sources and javadoc] INFO  o.e.m.c.i.e.AbstractTransferListenerAdapter - Downloaded https://repo.maven.apache.org/maven2/org/apache/commons/commons-compress/1.27.1/commons-compress-1.27.1-sources.jar
2025-06-05 21:39:13,718 [Worker-32: Download sources and javadoc] INFO  o.e.m.j.internal.DownloadSourcesJob - Downloaded sources for org.apache.commons:commons-compress:1.27.1
2025-06-05 21:39:13,776 [Worker-32: Download sources and javadoc] INFO  o.e.m.c.i.e.AbstractTransferListenerAdapter - Downloading https://repo.maven.apache.org/maven2/org/apache/commons/commons-lang3/3.16.0/commons-lang3-3.16.0-sources.jar
2025-06-05 21:39:13,892 [Worker-32: Download sources and javadoc] INFO  o.e.m.c.i.e.AbstractTransferListenerAdapter - Downloaded https://repo.maven.apache.org/maven2/org/apache/commons/commons-lang3/3.16.0/commons-lang3-3.16.0-sources.jar
2025-06-05 21:39:13,894 [Worker-32: Download sources and javadoc] INFO  o.e.m.j.internal.DownloadSourcesJob - Downloaded sources for org.apache.commons:commons-lang3:3.16.0
2025-06-05 21:39:13,951 [Worker-32: Download sources and javadoc] INFO  o.e.m.c.i.e.AbstractTransferListenerAdapter - Downloading https://repo.maven.apache.org/maven2/commons-io/commons-io/2.18.0/commons-io-2.18.0-sources.jar
2025-06-05 21:39:14,360 [Worker-32: Download sources and javadoc] INFO  o.e.m.c.i.e.AbstractTransferListenerAdapter - Downloaded https://repo.maven.apache.org/maven2/commons-io/commons-io/2.18.0/commons-io-2.18.0-sources.jar
2025-06-05 21:39:14,362 [Worker-32: Download sources and javadoc] INFO  o.e.m.j.internal.DownloadSourcesJob - Downloaded sources for commons-io:commons-io:2.18.0
2025-06-05 21:39:14,419 [Worker-32: Download sources and javadoc] INFO  o.e.m.c.i.e.AbstractTransferListenerAdapter - Downloading https://repo.maven.apache.org/maven2/com/github/virtuald/curvesapi/1.08/curvesapi-1.08-sources.jar
2025-06-05 21:39:14,525 [Worker-32: Download sources and javadoc] INFO  o.e.m.c.i.e.AbstractTransferListenerAdapter - Downloaded https://repo.maven.apache.org/maven2/com/github/virtuald/curvesapi/1.08/curvesapi-1.08-sources.jar
2025-06-05 21:39:14,528 [Worker-32: Download sources and javadoc] INFO  o.e.m.j.internal.DownloadSourcesJob - Downloaded sources for com.github.virtuald:curvesapi:1.08
2025-06-05 21:39:14,587 [Worker-32: Download sources and javadoc] INFO  o.e.m.c.i.e.AbstractTransferListenerAdapter - Downloading https://repo.maven.apache.org/maven2/org/apache/logging/log4j/log4j-api/2.24.3/log4j-api-2.24.3-sources.jar
2025-06-05 21:39:14,757 [Worker-32: Download sources and javadoc] INFO  o.e.m.c.i.e.AbstractTransferListenerAdapter - Downloaded https://repo.maven.apache.org/maven2/org/apache/logging/log4j/log4j-api/2.24.3/log4j-api-2.24.3-sources.jar
2025-06-05 21:39:14,760 [Worker-32: Download sources and javadoc] INFO  o.e.m.j.internal.DownloadSourcesJob - Downloaded sources for org.apache.logging.log4j:log4j-api:2.24.3
2025-06-05 21:39:14,817 [Worker-32: Download sources and javadoc] INFO  o.e.m.c.i.e.AbstractTransferListenerAdapter - Downloading https://repo.maven.apache.org/maven2/org/apache/commons/commons-collections4/4.4/commons-collections4-4.4-sources.jar
2025-06-05 21:39:14,932 [Worker-32: Download sources and javadoc] INFO  o.e.m.c.i.e.AbstractTransferListenerAdapter - Downloaded https://repo.maven.apache.org/maven2/org/apache/commons/commons-collections4/4.4/commons-collections4-4.4-sources.jar
2025-06-05 21:39:14,935 [Worker-32: Download sources and javadoc] INFO  o.e.m.j.internal.DownloadSourcesJob - Downloaded sources for org.apache.commons:commons-collections4:4.4
2025-06-05 21:39:14,994 [Worker-32: Download sources and javadoc] INFO  o.e.m.c.i.e.AbstractTransferListenerAdapter - Downloading https://repo.maven.apache.org/maven2/org/apache/poi/poi/5.4.0/poi-5.4.0-sources.jar
2025-06-05 21:39:15,323 [Worker-32: Download sources and javadoc] INFO  o.e.m.c.i.e.AbstractTransferListenerAdapter - Downloaded https://repo.maven.apache.org/maven2/org/apache/poi/poi/5.4.0/poi-5.4.0-sources.jar
2025-06-05 21:39:15,326 [Worker-32: Download sources and javadoc] INFO  o.e.m.j.internal.DownloadSourcesJob - Downloaded sources for org.apache.poi:poi:5.4.0
2025-06-05 21:39:15,383 [Worker-32: Download sources and javadoc] INFO  o.e.m.c.i.e.AbstractTransferListenerAdapter - Downloading https://repo.maven.apache.org/maven2/commons-codec/commons-codec/1.17.1/commons-codec-1.17.1-sources.jar
2025-06-05 21:39:15,470 [Worker-32: Download sources and javadoc] INFO  o.e.m.c.i.e.AbstractTransferListenerAdapter - Downloaded https://repo.maven.apache.org/maven2/commons-codec/commons-codec/1.17.1/commons-codec-1.17.1-sources.jar
2025-06-05 21:39:15,472 [Worker-32: Download sources and javadoc] INFO  o.e.m.j.internal.DownloadSourcesJob - Downloaded sources for commons-codec:commons-codec:1.17.1
2025-06-05 21:39:15,531 [Worker-32: Download sources and javadoc] INFO  o.e.m.c.i.e.AbstractTransferListenerAdapter - Downloading https://repo.maven.apache.org/maven2/org/apache/commons/commons-math3/3.6.1/commons-math3-3.6.1-sources.jar
2025-06-05 21:39:20,246 [Worker-32: Download sources and javadoc] INFO  o.e.m.c.i.e.AbstractTransferListenerAdapter - Downloaded https://repo.maven.apache.org/maven2/org/apache/commons/commons-math3/3.6.1/commons-math3-3.6.1-sources.jar
2025-06-05 21:39:20,249 [Worker-32: Download sources and javadoc] INFO  o.e.m.j.internal.DownloadSourcesJob - Downloaded sources for org.apache.commons:commons-math3:3.6.1
2025-06-05 21:39:20,316 [Worker-32: Download sources and javadoc] INFO  o.e.m.c.i.e.AbstractTransferListenerAdapter - Downloading https://repo.maven.apache.org/maven2/com/zaxxer/SparseBitSet/1.3/SparseBitSet-1.3-sources.jar
2025-06-05 21:39:20,385 [Worker-32: Download sources and javadoc] INFO  o.e.m.c.i.e.AbstractTransferListenerAdapter - Downloaded https://repo.maven.apache.org/maven2/com/zaxxer/SparseBitSet/1.3/SparseBitSet-1.3-sources.jar
2025-06-05 21:39:20,387 [Worker-32: Download sources and javadoc] INFO  o.e.m.j.internal.DownloadSourcesJob - Downloaded sources for com.zaxxer:SparseBitSet:1.3
2025-06-05 21:42:42,847 [Worker-33: Building] INFO  o.a.m.s.f.DefaultMavenResourcesFiltering - skip non existing resourceDirectory C:\Users\classic\OneDrive\Desktop\ShoppingSiteTesting\Shopping-Site-Testing\ShoppingSiteTesting\src\main\resources
2025-06-05 21:42:42,850 [Worker-33: Building] INFO  o.a.m.s.f.DefaultMavenResourcesFiltering - skip non existing resourceDirectory C:\Users\classic\OneDrive\Desktop\ShoppingSiteTesting\Shopping-Site-Testing\ShoppingSiteTesting\src\test\resources
2025-06-05 21:43:12,542 [Worker-48: Building] INFO  o.a.m.s.f.DefaultMavenResourcesFiltering - skip non existing resourceDirectory C:\Users\classic\OneDrive\Desktop\ShoppingSiteTesting\Shopping-Site-Testing\ShoppingSiteTesting\src\main\resources
2025-06-05 21:43:12,545 [Worker-48: Building] INFO  o.a.m.s.f.DefaultMavenResourcesFiltering - skip non existing resourceDirectory C:\Users\classic\OneDrive\Desktop\ShoppingSiteTesting\Shopping-Site-Testing\ShoppingSiteTesting\src\test\resources
2025-06-05 21:46:05,654 [Worker-44: Building] INFO  o.a.m.s.f.DefaultMavenResourcesFiltering - skip non existing resourceDirectory C:\Users\classic\OneDrive\Desktop\ShoppingSiteTesting\Shopping-Site-Testing\ShoppingSiteTesting\src\main\resources
2025-06-05 21:46:05,657 [Worker-44: Building] INFO  o.a.m.s.f.DefaultMavenResourcesFiltering - skip non existing resourceDirectory C:\Users\classic\OneDrive\Desktop\ShoppingSiteTesting\Shopping-Site-Testing\ShoppingSiteTesting\src\test\resources
2025-06-05 22:05:47,369 [Worker-10: Building] INFO  o.a.m.s.f.DefaultMavenResourcesFiltering - skip non existing resourceDirectory C:\Users\classic\OneDrive\Desktop\ShoppingSiteTesting\Shopping-Site-Testing\ShoppingSiteTesting\src\main\resources
2025-06-05 22:05:47,374 [Worker-10: Building] INFO  o.a.m.s.f.DefaultMavenResourcesFiltering - skip non existing resourceDirectory C:\Users\classic\OneDrive\Desktop\ShoppingSiteTesting\Shopping-Site-Testing\ShoppingSiteTesting\src\test\resources
2025-06-05 22:34:13,063 [Worker-54: Building] INFO  o.a.m.s.f.DefaultMavenResourcesFiltering - skip non existing resourceDirectory C:\Users\classic\OneDrive\Desktop\ShoppingSiteTesting\Shopping-Site-Testing\ShoppingSiteTesting\src\main\resources
2025-06-05 22:34:13,067 [Worker-54: Building] INFO  o.a.m.s.f.DefaultMavenResourcesFiltering - skip non existing resourceDirectory C:\Users\classic\OneDrive\Desktop\ShoppingSiteTesting\Shopping-Site-Testing\ShoppingSiteTesting\src\test\resources
2025-06-05 22:36:30,278 [Worker-60: Building] INFO  o.a.m.s.f.DefaultMavenResourcesFiltering - skip non existing resourceDirectory C:\Users\classic\OneDrive\Desktop\ShoppingSiteTesting\Shopping-Site-Testing\ShoppingSiteTesting\src\main\resources
2025-06-05 22:36:30,280 [Worker-60: Building] INFO  o.a.m.s.f.DefaultMavenResourcesFiltering - skip non existing resourceDirectory C:\Users\classic\OneDrive\Desktop\ShoppingSiteTesting\Shopping-Site-Testing\ShoppingSiteTesting\src\test\resources
2025-06-05 22:36:38,620 [main] INFO  o.e.m.jdt.internal.UnitTestSupport - Updating ExcelIntegrationWithTC from maven configuration
2025-06-05 22:36:39,764 [Worker-62: Launching ExcelIntegrationWithTC] INFO  o.e.m.c.i.e.AbstractTransferListenerAdapter - Downloading https://repo.maven.apache.org/maven2/org/junit/platform/junit-platform-launcher/1.11.0/junit-platform-launcher-1.11.0.jar
2025-06-05 22:36:39,830 [Worker-62: Launching ExcelIntegrationWithTC] INFO  o.e.m.c.i.e.AbstractTransferListenerAdapter - Downloaded https://repo.maven.apache.org/maven2/org/junit/platform/junit-platform-launcher/1.11.0/junit-platform-launcher-1.11.0.jar
2025-06-05 22:36:39,856 [Worker-62: Launching ExcelIntegrationWithTC] INFO  o.e.m.c.i.e.AbstractTransferListenerAdapter - Downloading https://repo.maven.apache.org/maven2/org/junit/platform/junit-platform-engine/1.11.0/junit-platform-engine-1.11.0.jar
2025-06-05 22:36:39,903 [Worker-62: Launching ExcelIntegrationWithTC] INFO  o.e.m.c.i.e.AbstractTransferListenerAdapter - Downloaded https://repo.maven.apache.org/maven2/org/junit/platform/junit-platform-engine/1.11.0/junit-platform-engine-1.11.0.jar
2025-06-05 22:36:39,929 [Worker-62: Launching ExcelIntegrationWithTC] INFO  o.e.m.c.i.e.AbstractTransferListenerAdapter - Downloading https://repo.maven.apache.org/maven2/org/junit/jupiter/junit-jupiter-engine/5.11.0/junit-jupiter-engine-5.11.0.jar
2025-06-05 22:36:39,987 [Worker-62: Launching ExcelIntegrationWithTC] INFO  o.e.m.c.i.e.AbstractTransferListenerAdapter - Downloaded https://repo.maven.apache.org/maven2/org/junit/jupiter/junit-jupiter-engine/5.11.0/junit-jupiter-engine-5.11.0.jar
2025-06-05 22:37:29,210 [Worker-61: Building] INFO  o.a.m.s.f.DefaultMavenResourcesFiltering - skip non existing resourceDirectory C:\Users\classic\OneDrive\Desktop\ShoppingSiteTesting\Shopping-Site-Testing\ShoppingSiteTesting\src\main\resources
2025-06-05 22:37:29,213 [Worker-61: Building] INFO  o.a.m.s.f.DefaultMavenResourcesFiltering - skip non existing resourceDirectory C:\Users\classic\OneDrive\Desktop\ShoppingSiteTesting\Shopping-Site-Testing\ShoppingSiteTesting\src\test\resources
2025-06-05 22:39:23,996 [Worker-63: Building] INFO  o.a.m.s.f.DefaultMavenResourcesFiltering - skip non existing resourceDirectory C:\Users\classic\OneDrive\Desktop\ShoppingSiteTesting\Shopping-Site-Testing\ShoppingSiteTesting\src\main\resources
2025-06-05 22:39:23,998 [Worker-63: Building] INFO  o.a.m.s.f.DefaultMavenResourcesFiltering - skip non existing resourceDirectory C:\Users\classic\OneDrive\Desktop\ShoppingSiteTesting\Shopping-Site-Testing\ShoppingSiteTesting\src\test\resources
2025-06-05 22:40:43,067 [Worker-57: Building] INFO  o.a.m.s.f.DefaultMavenResourcesFiltering - skip non existing resourceDirectory C:\Users\classic\OneDrive\Desktop\ShoppingSiteTesting\Shopping-Site-Testing\ShoppingSiteTesting\src\main\resources
2025-06-05 22:40:43,071 [Worker-57: Building] INFO  o.a.m.s.f.DefaultMavenResourcesFiltering - skip non existing resourceDirectory C:\Users\classic\OneDrive\Desktop\ShoppingSiteTesting\Shopping-Site-Testing\ShoppingSiteTesting\src\test\resources
2025-06-05 22:42:24,562 [Worker-54: Building] INFO  o.a.m.s.f.DefaultMavenResourcesFiltering - skip non existing resourceDirectory C:\Users\classic\OneDrive\Desktop\ShoppingSiteTesting\Shopping-Site-Testing\ShoppingSiteTesting\src\main\resources
2025-06-05 22:42:24,566 [Worker-54: Building] INFO  o.a.m.s.f.DefaultMavenResourcesFiltering - skip non existing resourceDirectory C:\Users\classic\OneDrive\Desktop\ShoppingSiteTesting\Shopping-Site-Testing\ShoppingSiteTesting\src\test\resources
2025-06-05 22:44:05,134 [Worker-60: Building] INFO  o.a.m.s.f.DefaultMavenResourcesFiltering - skip non existing resourceDirectory C:\Users\classic\OneDrive\Desktop\ShoppingSiteTesting\Shopping-Site-Testing\ShoppingSiteTesting\src\main\resources
2025-06-05 22:44:05,137 [Worker-60: Building] INFO  o.a.m.s.f.DefaultMavenResourcesFiltering - skip non existing resourceDirectory C:\Users\classic\OneDrive\Desktop\ShoppingSiteTesting\Shopping-Site-Testing\ShoppingSiteTesting\src\test\resources
2025-06-05 22:46:33,369 [Worker-61: Building] INFO  o.a.m.s.f.DefaultMavenResourcesFiltering - skip non existing resourceDirectory C:\Users\classic\OneDrive\Desktop\ShoppingSiteTesting\Shopping-Site-Testing\ShoppingSiteTesting\src\main\resources
2025-06-05 22:46:33,371 [Worker-61: Building] INFO  o.a.m.s.f.DefaultMavenResourcesFiltering - skip non existing resourceDirectory C:\Users\classic\OneDrive\Desktop\ShoppingSiteTesting\Shopping-Site-Testing\ShoppingSiteTesting\src\test\resources
2025-06-05 22:48:33,946 [Worker-62: Building] INFO  o.a.m.s.f.DefaultMavenResourcesFiltering - skip non existing resourceDirectory C:\Users\classic\OneDrive\Desktop\ShoppingSiteTesting\Shopping-Site-Testing\ShoppingSiteTesting\src\main\resources
2025-06-05 22:48:33,950 [Worker-62: Building] INFO  o.a.m.s.f.DefaultMavenResourcesFiltering - skip non existing resourceDirectory C:\Users\classic\OneDrive\Desktop\ShoppingSiteTesting\Shopping-Site-Testing\ShoppingSiteTesting\src\test\resources
2025-06-05 22:50:51,305 [Worker-54: Building] INFO  o.a.m.s.f.DefaultMavenResourcesFiltering - skip non existing resourceDirectory C:\Users\classic\OneDrive\Desktop\ShoppingSiteTesting\Shopping-Site-Testing\ShoppingSiteTesting\src\main\resources
2025-06-05 22:50:51,307 [Worker-54: Building] INFO  o.a.m.s.f.DefaultMavenResourcesFiltering - skip non existing resourceDirectory C:\Users\classic\OneDrive\Desktop\ShoppingSiteTesting\Shopping-Site-Testing\ShoppingSiteTesting\src\test\resources
2025-06-05 22:51:40,810 [Worker-66: Building] INFO  o.a.m.s.f.DefaultMavenResourcesFiltering - skip non existing resourceDirectory C:\Users\classic\OneDrive\Desktop\ShoppingSiteTesting\Shopping-Site-Testing\ShoppingSiteTesting\src\main\resources
2025-06-05 22:51:40,812 [Worker-66: Building] INFO  o.a.m.s.f.DefaultMavenResourcesFiltering - skip non existing resourceDirectory C:\Users\classic\OneDrive\Desktop\ShoppingSiteTesting\Shopping-Site-Testing\ShoppingSiteTesting\src\test\resources
2025-06-05 22:52:03,473 [Worker-62: Building] INFO  o.a.m.s.f.DefaultMavenResourcesFiltering - skip non existing resourceDirectory C:\Users\classic\OneDrive\Desktop\ShoppingSiteTesting\Shopping-Site-Testing\ShoppingSiteTesting\src\main\resources
2025-06-05 22:52:03,475 [Worker-62: Building] INFO  o.a.m.s.f.DefaultMavenResourcesFiltering - skip non existing resourceDirectory C:\Users\classic\OneDrive\Desktop\ShoppingSiteTesting\Shopping-Site-Testing\ShoppingSiteTesting\src\test\resources
2025-06-05 22:52:23,217 [Worker-54: Building] INFO  o.a.m.s.f.DefaultMavenResourcesFiltering - skip non existing resourceDirectory C:\Users\classic\OneDrive\Desktop\ShoppingSiteTesting\Shopping-Site-Testing\ShoppingSiteTesting\src\main\resources
2025-06-05 22:52:23,219 [Worker-54: Building] INFO  o.a.m.s.f.DefaultMavenResourcesFiltering - skip non existing resourceDirectory C:\Users\classic\OneDrive\Desktop\ShoppingSiteTesting\Shopping-Site-Testing\ShoppingSiteTesting\src\test\resources
2025-06-05 22:56:20,369 [Worker-57: Building] INFO  o.a.m.s.f.DefaultMavenResourcesFiltering - skip non existing resourceDirectory C:\Users\classic\OneDrive\Desktop\ShoppingSiteTesting\Shopping-Site-Testing\ShoppingSiteTesting\src\main\resources
2025-06-05 22:56:20,371 [Worker-57: Building] INFO  o.a.m.s.f.DefaultMavenResourcesFiltering - skip non existing resourceDirectory C:\Users\classic\OneDrive\Desktop\ShoppingSiteTesting\Shopping-Site-Testing\ShoppingSiteTesting\src\test\resources
2025-06-06 08:21:42,904 [Worker-1: Loading available Gradle versions] INFO  o.e.b.c.i.u.g.PublishedGradleVersions - Gradle version information cache is up-to-date. Trying to read.
2025-06-06 08:25:52,916 [Worker-29: reload maven project] INFO  o.e.m.c.i.e.AbstractTransferListenerAdapter - Downloading https://repo.maven.apache.org/maven2/io/cucumber/messages/maven-metadata.xml
2025-06-06 08:25:52,949 [Worker-29: reload maven project] INFO  o.e.m.c.i.e.AbstractTransferListenerAdapter - Downloaded https://repo.maven.apache.org/maven2/io/cucumber/messages/maven-metadata.xml
2025-06-06 08:25:54,166 [Worker-29: reload maven project] INFO  o.e.m.c.i.e.AbstractTransferListenerAdapter - Downloading https://repo.maven.apache.org/maven2/io/cucumber/query/maven-metadata.xml
2025-06-06 08:25:54,186 [Worker-29: reload maven project] INFO  o.e.m.c.i.e.AbstractTransferListenerAdapter - Downloaded https://repo.maven.apache.org/maven2/io/cucumber/query/maven-metadata.xml
2025-06-06 08:27:29,427 [Worker-4: Building] INFO  o.a.m.s.f.DefaultMavenResourcesFiltering - skip non existing resourceDirectory C:\Users\classic\OneDrive\Desktop\ShoppingSiteTesting\Shopping-Site-Testing\ShoppingSiteTesting\src\main\resources
2025-06-06 08:27:29,431 [Worker-4: Building] INFO  o.a.m.s.f.DefaultMavenResourcesFiltering - skip non existing resourceDirectory C:\Users\classic\OneDrive\Desktop\ShoppingSiteTesting\Shopping-Site-Testing\ShoppingSiteTesting\src\test\resources
2025-06-06 08:28:28,070 [Worker-4: Loading available Gradle versions] INFO  o.e.b.c.i.u.g.PublishedGradleVersions - Gradle version information cache is up-to-date. Trying to read.
2025-06-06 08:35:55,835 [Worker-32: Building] INFO  o.a.m.s.f.DefaultMavenResourcesFiltering - skip non existing resourceDirectory C:\Users\classic\OneDrive\Desktop\ShoppingSiteTesting\Shopping-Site-Testing\ShoppingSiteTesting\src\main\resources
2025-06-06 08:35:55,842 [Worker-32: Building] INFO  o.a.m.s.f.DefaultMavenResourcesFiltering - skip non existing resourceDirectory C:\Users\classic\OneDrive\Desktop\ShoppingSiteTesting\Shopping-Site-Testing\ShoppingSiteTesting\src\test\resources
2025-06-06 08:36:06,319 [Worker-27: Building] INFO  o.a.m.s.f.DefaultMavenResourcesFiltering - skip non existing resourceDirectory C:\Users\classic\OneDrive\Desktop\ShoppingSiteTesting\Shopping-Site-Testing\ShoppingSiteTesting\src\main\resources
2025-06-06 08:36:06,323 [Worker-27: Building] INFO  o.a.m.s.f.DefaultMavenResourcesFiltering - skip non existing resourceDirectory C:\Users\classic\OneDrive\Desktop\ShoppingSiteTesting\Shopping-Site-Testing\ShoppingSiteTesting\src\test\resources
2025-06-06 08:37:52,547 [Worker-25: Building] INFO  o.a.m.s.f.DefaultMavenResourcesFiltering - skip non existing resourceDirectory C:\Users\classic\OneDrive\Desktop\ShoppingSiteTesting\Shopping-Site-Testing\ShoppingSiteTesting\src\main\resources
2025-06-06 08:37:52,570 [Worker-25: Building] INFO  o.a.m.s.f.DefaultMavenResourcesFiltering - skip non existing resourceDirectory C:\Users\classic\OneDrive\Desktop\ShoppingSiteTesting\Shopping-Site-Testing\ShoppingSiteTesting\src\test\resources
2025-06-06 08:38:08,312 [Worker-27: Building] INFO  o.a.m.s.f.DefaultMavenResourcesFiltering - skip non existing resourceDirectory C:\Users\classic\OneDrive\Desktop\ShoppingSiteTesting\Shopping-Site-Testing\ShoppingSiteTesting\src\main\resources
2025-06-06 08:38:08,315 [Worker-27: Building] INFO  o.a.m.s.f.DefaultMavenResourcesFiltering - skip non existing resourceDirectory C:\Users\classic\OneDrive\Desktop\ShoppingSiteTesting\Shopping-Site-Testing\ShoppingSiteTesting\src\test\resources
2025-06-06 11:18:15,596 [Worker-1: Loading available Gradle versions] INFO  o.e.b.c.i.u.g.PublishedGradleVersions - Gradle version information cache is up-to-date. Trying to read.
2025-06-06 11:43:33,726 [Worker-31: Building] INFO  o.a.m.s.f.DefaultMavenResourcesFiltering - skip non existing resourceDirectory C:\Users\classic\OneDrive\Desktop\ShoppingSiteTesting\Shopping-Site-Testing\ShoppingSiteTesting\src\main\resources
2025-06-06 11:43:33,738 [Worker-31: Building] INFO  o.a.m.s.f.DefaultMavenResourcesFiltering - skip non existing resourceDirectory C:\Users\classic\OneDrive\Desktop\ShoppingSiteTesting\Shopping-Site-Testing\ShoppingSiteTesting\src\test\resources
2025-06-06 11:44:17,373 [Worker-31: Building] INFO  o.a.m.s.f.DefaultMavenResourcesFiltering - skip non existing resourceDirectory C:\Users\classic\OneDrive\Desktop\ShoppingSiteTesting\Shopping-Site-Testing\ShoppingSiteTesting\src\main\resources
2025-06-06 11:44:17,377 [Worker-31: Building] INFO  o.a.m.s.f.DefaultMavenResourcesFiltering - skip non existing resourceDirectory C:\Users\classic\OneDrive\Desktop\ShoppingSiteTesting\Shopping-Site-Testing\ShoppingSiteTesting\src\test\resources
2025-06-06 11:48:49,695 [Worker-35: Building] INFO  o.a.m.s.f.DefaultMavenResourcesFiltering - skip non existing resourceDirectory C:\Users\classic\OneDrive\Desktop\ShoppingSiteTesting\Shopping-Site-Testing\ShoppingSiteTesting\src\main\resources
2025-06-06 11:48:49,699 [Worker-35: Building] INFO  o.a.m.s.f.DefaultMavenResourcesFiltering - skip non existing resourceDirectory C:\Users\classic\OneDrive\Desktop\ShoppingSiteTesting\Shopping-Site-Testing\ShoppingSiteTesting\src\test\resources
2025-06-06 11:53:30,043 [Worker-42: Building] INFO  o.a.m.s.f.DefaultMavenResourcesFiltering - skip non existing resourceDirectory C:\Users\classic\OneDrive\Desktop\ShoppingSiteTesting\Shopping-Site-Testing\ShoppingSiteTesting\src\main\resources
2025-06-06 11:53:30,048 [Worker-42: Building] INFO  o.a.m.s.f.DefaultMavenResourcesFiltering - skip non existing resourceDirectory C:\Users\classic\OneDrive\Desktop\ShoppingSiteTesting\Shopping-Site-Testing\ShoppingSiteTesting\src\test\resources
2025-06-06 11:53:53,959 [Worker-35: Building] INFO  o.a.m.s.f.DefaultMavenResourcesFiltering - skip non existing resourceDirectory C:\Users\classic\OneDrive\Desktop\ShoppingSiteTesting\Shopping-Site-Testing\ShoppingSiteTesting\src\main\resources
2025-06-06 11:53:53,961 [Worker-35: Building] INFO  o.a.m.s.f.DefaultMavenResourcesFiltering - skip non existing resourceDirectory C:\Users\classic\OneDrive\Desktop\ShoppingSiteTesting\Shopping-Site-Testing\ShoppingSiteTesting\src\test\resources
2025-06-06 11:54:06,971 [Worker-42: Building] INFO  o.a.m.s.f.DefaultMavenResourcesFiltering - skip non existing resourceDirectory C:\Users\classic\OneDrive\Desktop\ShoppingSiteTesting\Shopping-Site-Testing\ShoppingSiteTesting\src\main\resources
2025-06-06 11:54:06,974 [Worker-42: Building] INFO  o.a.m.s.f.DefaultMavenResourcesFiltering - skip non existing resourceDirectory C:\Users\classic\OneDrive\Desktop\ShoppingSiteTesting\Shopping-Site-Testing\ShoppingSiteTesting\src\test\resources
2025-06-06 11:54:28,331 [Worker-34: Building] INFO  o.a.m.s.f.DefaultMavenResourcesFiltering - skip non existing resourceDirectory C:\Users\classic\OneDrive\Desktop\ShoppingSiteTesting\Shopping-Site-Testing\ShoppingSiteTesting\src\main\resources
2025-06-06 11:54:28,335 [Worker-34: Building] INFO  o.a.m.s.f.DefaultMavenResourcesFiltering - skip non existing resourceDirectory C:\Users\classic\OneDrive\Desktop\ShoppingSiteTesting\Shopping-Site-Testing\ShoppingSiteTesting\src\test\resources
2025-06-06 11:54:43,094 [Worker-41: Building] INFO  o.a.m.s.f.DefaultMavenResourcesFiltering - skip non existing resourceDirectory C:\Users\classic\OneDrive\Desktop\ShoppingSiteTesting\Shopping-Site-Testing\ShoppingSiteTesting\src\main\resources
2025-06-06 11:54:43,099 [Worker-41: Building] INFO  o.a.m.s.f.DefaultMavenResourcesFiltering - skip non existing resourceDirectory C:\Users\classic\OneDrive\Desktop\ShoppingSiteTesting\Shopping-Site-Testing\ShoppingSiteTesting\src\test\resources
2025-06-06 11:55:02,967 [Worker-42: Building] INFO  o.a.m.s.f.DefaultMavenResourcesFiltering - skip non existing resourceDirectory C:\Users\classic\OneDrive\Desktop\ShoppingSiteTesting\Shopping-Site-Testing\ShoppingSiteTesting\src\main\resources
2025-06-06 11:55:02,969 [Worker-42: Building] INFO  o.a.m.s.f.DefaultMavenResourcesFiltering - skip non existing resourceDirectory C:\Users\classic\OneDrive\Desktop\ShoppingSiteTesting\Shopping-Site-Testing\ShoppingSiteTesting\src\test\resources
2025-06-06 11:56:25,292 [Worker-40: Building] INFO  o.a.m.s.f.DefaultMavenResourcesFiltering - skip non existing resourceDirectory C:\Users\classic\OneDrive\Desktop\ShoppingSiteTesting\Shopping-Site-Testing\ShoppingSiteTesting\src\main\resources
2025-06-06 11:56:25,294 [Worker-40: Building] INFO  o.a.m.s.f.DefaultMavenResourcesFiltering - skip non existing resourceDirectory C:\Users\classic\OneDrive\Desktop\ShoppingSiteTesting\Shopping-Site-Testing\ShoppingSiteTesting\src\test\resources
2025-06-06 11:59:08,035 [Worker-34: Building] INFO  o.a.m.s.f.DefaultMavenResourcesFiltering - skip non existing resourceDirectory C:\Users\classic\OneDrive\Desktop\ShoppingSiteTesting\Shopping-Site-Testing\ShoppingSiteTesting\src\main\resources
2025-06-06 11:59:08,037 [Worker-34: Building] INFO  o.a.m.s.f.DefaultMavenResourcesFiltering - skip non existing resourceDirectory C:\Users\classic\OneDrive\Desktop\ShoppingSiteTesting\Shopping-Site-Testing\ShoppingSiteTesting\src\test\resources
2025-06-06 11:59:48,587 [Worker-43: Building] INFO  o.a.m.s.f.DefaultMavenResourcesFiltering - skip non existing resourceDirectory C:\Users\classic\OneDrive\Desktop\ShoppingSiteTesting\Shopping-Site-Testing\ShoppingSiteTesting\src\main\resources
2025-06-06 11:59:48,589 [Worker-43: Building] INFO  o.a.m.s.f.DefaultMavenResourcesFiltering - skip non existing resourceDirectory C:\Users\classic\OneDrive\Desktop\ShoppingSiteTesting\Shopping-Site-Testing\ShoppingSiteTesting\src\test\resources
2025-06-06 12:02:51,682 [Worker-45: Building] INFO  o.a.m.s.f.DefaultMavenResourcesFiltering - skip non existing resourceDirectory C:\Users\classic\OneDrive\Desktop\ShoppingSiteTesting\Shopping-Site-Testing\ShoppingSiteTesting\src\main\resources
2025-06-06 12:02:51,686 [Worker-45: Building] INFO  o.a.m.s.f.DefaultMavenResourcesFiltering - skip non existing resourceDirectory C:\Users\classic\OneDrive\Desktop\ShoppingSiteTesting\Shopping-Site-Testing\ShoppingSiteTesting\src\test\resources
2025-06-06 12:02:55,259 [main] INFO  o.e.m.jdt.internal.UnitTestSupport - Updating T001_RegisterUser from maven configuration
2025-06-06 12:05:39,226 [Worker-41: Building] INFO  o.a.m.s.f.DefaultMavenResourcesFiltering - skip non existing resourceDirectory C:\Users\classic\OneDrive\Desktop\ShoppingSiteTesting\Shopping-Site-Testing\ShoppingSiteTesting\src\main\resources
2025-06-06 12:05:39,228 [Worker-41: Building] INFO  o.a.m.s.f.DefaultMavenResourcesFiltering - skip non existing resourceDirectory C:\Users\classic\OneDrive\Desktop\ShoppingSiteTesting\Shopping-Site-Testing\ShoppingSiteTesting\src\test\resources
